2017-04-25 18:50:36,404 [ERROR] from io.netty.util.concurrent.DefaultPromise.rejectedExecution in pool-85-thread-6 - Failed to submit a listener notification task. Event loop shut down?
java.util.concurrent.RejectedExecutionException: event executor terminated
	at io.netty.util.concurrent.SingleThreadEventExecutor.reject(SingleThreadEventExecutor.java:800)
	at io.netty.util.concurrent.SingleThreadEventExecutor.offerTask(SingleThreadEventExecutor.java:345)
	at io.netty.util.concurrent.SingleThreadEventExecutor.addTask(SingleThreadEventExecutor.java:338)
	at io.netty.util.concurrent.SingleThreadEventExecutor.execute(SingleThreadEventExecutor.java:743)
	at io.netty.util.concurrent.DefaultPromise.safeExecute(DefaultPromise.java:767)
	at io.netty.util.concurrent.DefaultPromise.notifyListeners(DefaultPromise.java:435)
	at io.netty.util.concurrent.DefaultPromise.setFailure(DefaultPromise.java:120)
	at io.netty.channel.DefaultChannelPromise.setFailure(DefaultChannelPromise.java:87)
	at io.netty.channel.AbstractChannelHandlerContext.safeExecute(AbstractChannelHandlerContext.java:1005)
	at io.netty.channel.AbstractChannelHandlerContext.close(AbstractChannelHandlerContext.java:614)
	at io.netty.channel.AbstractChannelHandlerContext.close(AbstractChannelHandlerContext.java:469)
	at io.netty.channel.DefaultChannelPipeline.close(DefaultChannelPipeline.java:949)
	at io.netty.channel.AbstractChannel.close(AbstractChannel.java:194)
	at io.netty.channel.pool.SimpleChannelPool.close(SimpleChannelPool.java:345)
	at com.lightbend.lagom.gateway.ServiceGateway$$anonfun$1$$anonfun$apply$2$$anonfun$apply$3$$anonfun$apply$4.apply(ServiceGateway.scala:364)
	at com.lightbend.lagom.gateway.ServiceGateway$$anonfun$1$$anonfun$apply$2$$anonfun$apply$3$$anonfun$apply$4.apply(ServiceGateway.scala:364)
	at scala.collection.Iterator$class.foreach(Iterator.scala:742)
	at scala.collection.AbstractIterator.foreach(Iterator.scala:1194)
	at scala.collection.IterableLike$class.foreach(IterableLike.scala:72)
	at scala.collection.AbstractIterable.foreach(Iterable.scala:54)
	at com.lightbend.lagom.gateway.ServiceGateway$$anonfun$1$$anonfun$apply$2$$anonfun$apply$3.apply(ServiceGateway.scala:364)
	at com.lightbend.lagom.gateway.ServiceGateway$$anonfun$1$$anonfun$apply$2$$anonfun$apply$3.apply(ServiceGateway.scala:361)
	at scala.util.Success$$anonfun$map$1.apply(Try.scala:237)
	at scala.util.Try$.apply(Try.scala:192)
	at scala.util.Success.map(Try.scala:237)
	at scala.concurrent.Future$$anonfun$map$1.apply(Future.scala:235)
	at scala.concurrent.Future$$anonfun$map$1.apply(Future.scala:235)
	at scala.concurrent.impl.CallbackRunnable.run(Promise.scala:32)
	at play.api.libs.iteratee.Execution$trampoline$.executeScheduled(Execution.scala:109)
	at play.api.libs.iteratee.Execution$trampoline$.execute(Execution.scala:71)
	at scala.concurrent.impl.CallbackRunnable.executeWithValue(Promise.scala:40)
	at scala.concurrent.impl.Promise$KeptPromise.onComplete(Promise.scala:333)
	at scala.concurrent.Future$class.flatMap(Future.scala:249)
	at scala.concurrent.impl.Promise$KeptPromise.flatMap(Promise.scala:322)
	at play.api.inject.DefaultApplicationLifecycle$$anonfun$stop$1.apply(ApplicationLifecycle.scala:93)
	at play.api.inject.DefaultApplicationLifecycle$$anonfun$stop$1.apply(ApplicationLifecycle.scala:92)
	at scala.collection.LinearSeqOptimized$class.foldLeft(LinearSeqOptimized.scala:124)
	at scala.collection.immutable.List.foldLeft(List.scala:84)
	at play.api.inject.DefaultApplicationLifecycle.stop(ApplicationLifecycle.scala:92)
	at play.api.DefaultApplication.stop(Application.scala:236)
	at play.api.Play$$anonfun$stop$1.apply(Play.scala:128)
	at play.utils.Threads$.withContextClassLoader(Threads.scala:21)
	at play.api.Play$.stop(Play.scala:126)
	at play.core.server.NettyServer$$anonfun$stop$1.apply(NettyServer.scala:247)
	at play.core.server.NettyServer$$anonfun$stop$1.apply(NettyServer.scala:247)
	at scala.Option.foreach(Option.scala:257)
	at play.core.server.NettyServer.stop(NettyServer.scala:247)
	at com.lightbend.lagom.discovery.ServiceLocatorServer.close(ServiceLocatorServer.scala:67)
	at com.lightbend.lagom.dev.Servers$ServiceLocator$.com$lightbend$lagom$dev$Servers$ServiceLocator$$stop(Servers.scala:115)
	at com.lightbend.lagom.dev.Servers$ServiceLocator$.stop(Servers.scala:110)
	at com.lightbend.lagom.dev.Servers$ServerContainer.tryStop(Servers.scala:62)
	at com.lightbend.lagom.dev.Servers$$anonfun$1$$anonfun$apply$1.apply$mcV$sp(Servers.scala:28)
	at com.lightbend.lagom.dev.Servers$$anonfun$1$$anonfun$apply$1.apply(Servers.scala:28)
	at com.lightbend.lagom.dev.Servers$$anonfun$1$$anonfun$apply$1.apply(Servers.scala:28)
	at scala.concurrent.impl.Future$PromiseCompletingRunnable.liftedTree1$1(Future.scala:24)
	at scala.concurrent.impl.Future$PromiseCompletingRunnable.run(Future.scala:24)
	at java.util.concurrent.ThreadPoolExecutor.runWorker(ThreadPoolExecutor.java:1142)
	at java.util.concurrent.ThreadPoolExecutor$Worker.run(ThreadPoolExecutor.java:617)
	at java.lang.Thread.run(Thread.java:745)
